C:\Program Files (x86)\Microsoft Visual Studio\2017\Community\Common7\IDE\VC\VCTargets\Microsoft.CppBuild.targets(376,5): warning MSB8004: Intermediate Directory does not end with a trailing slash.  This build instance will add the slash as it is required to allow proper evaluation of the Intermediate Directory.
  TopDownPeopleDetection.cpp
c:\users\swarm\documents\github\empathy_swarm\people_tracking\rspeopletracking\rspeopletracking\dependencies\topdownpeopledetection\src\topdownpeopledetection.cpp(158): warning C4267: 'initializing': conversion from 'size_t' to 'int', possible loss of data
c:\users\swarm\documents\github\empathy_swarm\people_tracking\rspeopletracking\rspeopletracking\dependencies\topdownpeopledetection\src\topdownpeopledetection.cpp(281): warning C4244: 'initializing': conversion from 'float' to 'int', possible loss of data
c:\users\swarm\documents\github\empathy_swarm\people_tracking\rspeopletracking\rspeopletracking\dependencies\topdownpeopledetection\src\topdownpeopledetection.cpp(665): warning C4244: 'initializing': conversion from '_Tp' to 'int', possible loss of data
          with
          [
              _Tp=float
          ]
c:\users\swarm\documents\github\empathy_swarm\people_tracking\rspeopletracking\rspeopletracking\dependencies\topdownpeopledetection\src\topdownpeopledetection.cpp(666): warning C4244: 'initializing': conversion from '_Tp' to 'int', possible loss of data
          with
          [
              _Tp=float
          ]
c:\users\swarm\documents\github\empathy_swarm\people_tracking\rspeopletracking\rspeopletracking\dependencies\topdownpeopledetection\src\topdownpeopledetection.cpp(702): warning C4244: 'initializing': conversion from '_Tp' to 'float', possible loss of data
          with
          [
              _Tp=int
          ]
c:\users\swarm\documents\github\empathy_swarm\people_tracking\rspeopletracking\rspeopletracking\dependencies\topdownpeopledetection\src\topdownpeopledetection.cpp(755): warning C4244: 'argument': conversion from '_Tp' to '_Tp', possible loss of data
          with
          [
              _Tp=float
          ]
          and
          [
              _Tp=int
          ]
c:\users\swarm\documents\github\empathy_swarm\people_tracking\rspeopletracking\rspeopletracking\dependencies\topdownpeopledetection\src\topdownpeopledetection.cpp(763): warning C4244: 'argument': conversion from '_Tp' to '_Tp', possible loss of data
          with
          [
              _Tp=float
          ]
          and
          [
              _Tp=int
          ]
c:\users\swarm\documents\github\empathy_swarm\people_tracking\rspeopletracking\rspeopletracking\dependencies\topdownpeopledetection\src\topdownpeopledetection.cpp(771): warning C4244: 'argument': conversion from '_Tp' to '_Tp', possible loss of data
          with
          [
              _Tp=float
          ]
          and
          [
              _Tp=int
          ]
c:\users\swarm\documents\github\empathy_swarm\people_tracking\rspeopletracking\rspeopletracking\dependencies\topdownpeopledetection\src\topdownpeopledetection.cpp(779): warning C4244: 'argument': conversion from '_Tp' to '_Tp', possible loss of data
          with
          [
              _Tp=float
          ]
          and
          [
              _Tp=int
          ]
c:\users\swarm\documents\github\empathy_swarm\people_tracking\rspeopletracking\rspeopletracking\dependencies\topdownpeopledetection\src\topdownpeopledetection.cpp(907): warning C4244: '=': conversion from 'double' to '_Tp', possible loss of data
          with
          [
              _Tp=int
          ]
TopDownPeopleDetection.obj : warning LNK4006: "public: __cdecl cv::Mat::Mat(class cv::Mat &&)" (??0Mat@cv@@QEAA@$$QEAV01@@Z) already defined in opencv_world410d.lib(opencv_world410d.dll); second definition ignored
TopDownPeopleDetection.obj : warning LNK4006: "public: __cdecl cv::Mat::Mat(class cv::Mat const &)" (??0Mat@cv@@QEAA@AEBV01@@Z) already defined in opencv_world410d.lib(opencv_world410d.dll); second definition ignored
TopDownPeopleDetection.obj : warning LNK4006: "public: __cdecl cv::Mat::Mat(void)" (??0Mat@cv@@QEAA@XZ) already defined in opencv_world410d.lib(opencv_world410d.dll); second definition ignored
TopDownPeopleDetection.obj : warning LNK4006: "public: __cdecl cv::MatSize::MatSize(int *)" (??0MatSize@cv@@QEAA@PEAH@Z) already defined in opencv_world410d.lib(opencv_world410d.dll); second definition ignored
TopDownPeopleDetection.obj : warning LNK4006: "public: __cdecl cv::MatStep::MatStep(void)" (??0MatStep@cv@@QEAA@XZ) already defined in opencv_world410d.lib(opencv_world410d.dll); second definition ignored
TopDownPeopleDetection.obj : warning LNK4006: "public: __cdecl cv::MatStep::MatStep(unsigned __int64)" (??0MatStep@cv@@QEAA@_K@Z) already defined in opencv_world410d.lib(opencv_world410d.dll); second definition ignored
TopDownPeopleDetection.obj : warning LNK4006: "public: __cdecl cv::Range::Range(int,int)" (??0Range@cv@@QEAA@HH@Z) already defined in opencv_world410d.lib(opencv_world410d.dll); second definition ignored
TopDownPeopleDetection.obj : warning LNK4006: "public: __cdecl cv::RotatedRect::RotatedRect(class cv::RotatedRect &&)" (??0RotatedRect@cv@@QEAA@$$QEAV01@@Z) already defined in opencv_world410d.lib(opencv_world410d.dll); second definition ignored
TopDownPeopleDetection.obj : warning LNK4006: "public: __cdecl cv::RotatedRect::RotatedRect(class cv::RotatedRect const &)" (??0RotatedRect@cv@@QEAA@AEBV01@@Z) already defined in opencv_world410d.lib(opencv_world410d.dll); second definition ignored
TopDownPeopleDetection.obj : warning LNK4006: "public: __cdecl cv::RotatedRect::RotatedRect(void)" (??0RotatedRect@cv@@QEAA@XZ) already defined in opencv_world410d.lib(opencv_world410d.dll); second definition ignored
TopDownPeopleDetection.obj : warning LNK4006: "public: __cdecl cv::debug_build_guard::_InputArray::_InputArray(class cv::Mat const &)" (??0_InputArray@debug_build_guard@cv@@QEAA@AEBVMat@2@@Z) already defined in opencv_world410d.lib(opencv_world410d.dll); second definition ignored
TopDownPeopleDetection.obj : warning LNK4006: "public: __cdecl cv::debug_build_guard::_InputArray::_InputArray(void)" (??0_InputArray@debug_build_guard@cv@@QEAA@XZ) already defined in opencv_world410d.lib(opencv_world410d.dll); second definition ignored
TopDownPeopleDetection.obj : warning LNK4006: "public: __cdecl cv::debug_build_guard::_InputOutputArray::_InputOutputArray(class cv::Mat &)" (??0_InputOutputArray@debug_build_guard@cv@@QEAA@AEAVMat@2@@Z) already defined in opencv_world410d.lib(opencv_world410d.dll); second definition ignored
TopDownPeopleDetection.obj : warning LNK4006: "public: __cdecl cv::debug_build_guard::_OutputArray::_OutputArray(class cv::Mat &)" (??0_OutputArray@debug_build_guard@cv@@QEAA@AEAVMat@2@@Z) already defined in opencv_world410d.lib(opencv_world410d.dll); second definition ignored
TopDownPeopleDetection.obj : warning LNK4006: "public: __cdecl cv::debug_build_guard::_OutputArray::_OutputArray(void)" (??0_OutputArray@debug_build_guard@cv@@QEAA@XZ) already defined in opencv_world410d.lib(opencv_world410d.dll); second definition ignored
TopDownPeopleDetection.obj : warning LNK4006: "public: __cdecl cv::Mat::~Mat(void)" (??1Mat@cv@@QEAA@XZ) already defined in opencv_world410d.lib(opencv_world410d.dll); second definition ignored
TopDownPeopleDetection.obj : warning LNK4006: "public: __cdecl cv::MatExpr::~MatExpr(void)" (??1MatExpr@cv@@QEAA@XZ) already defined in opencv_world410d.lib(opencv_world410d.dll); second definition ignored
TopDownPeopleDetection.obj : warning LNK4006: "public: __cdecl cv::debug_build_guard::_InputArray::~_InputArray(void)" (??1_InputArray@debug_build_guard@cv@@QEAA@XZ) already defined in opencv_world410d.lib(opencv_world410d.dll); second definition ignored
TopDownPeopleDetection.obj : warning LNK4006: "public: __cdecl cv::debug_build_guard::_InputOutputArray::~_InputOutputArray(void)" (??1_InputOutputArray@debug_build_guard@cv@@QEAA@XZ) already defined in opencv_world410d.lib(opencv_world410d.dll); second definition ignored
TopDownPeopleDetection.obj : warning LNK4006: "public: __cdecl cv::debug_build_guard::_OutputArray::~_OutputArray(void)" (??1_OutputArray@debug_build_guard@cv@@QEAA@XZ) already defined in opencv_world410d.lib(opencv_world410d.dll); second definition ignored
TopDownPeopleDetection.obj : warning LNK4006: "public: class cv::Mat & __cdecl cv::Mat::operator=(class cv::Mat &&)" (??4Mat@cv@@QEAAAEAV01@$$QEAV01@@Z) already defined in opencv_world410d.lib(opencv_world410d.dll); second definition ignored
TopDownPeopleDetection.obj : warning LNK4006: "public: class cv::Mat & __cdecl cv::Mat::operator=(class cv::Mat const &)" (??4Mat@cv@@QEAAAEAV01@AEBV01@@Z) already defined in opencv_world410d.lib(opencv_world410d.dll); second definition ignored
TopDownPeopleDetection.obj : warning LNK4006: "public: class cv::RotatedRect & __cdecl cv::RotatedRect::operator=(class cv::RotatedRect &&)" (??4RotatedRect@cv@@QEAAAEAV01@$$QEAV01@@Z) already defined in opencv_world410d.lib(opencv_world410d.dll); second definition ignored
TopDownPeopleDetection.obj : warning LNK4006: "public: int const & __cdecl cv::MatSize::operator[](int)const " (??AMatSize@cv@@QEBAAEBHH@Z) already defined in opencv_world410d.lib(opencv_world410d.dll); second definition ignored
TopDownPeopleDetection.obj : warning LNK4006: "public: unsigned __int64 & __cdecl cv::MatStep::operator[](int)" (??AMatStep@cv@@QEAAAEA_KH@Z) already defined in opencv_world410d.lib(opencv_world410d.dll); second definition ignored
TopDownPeopleDetection.obj : warning LNK4006: "public: unsigned __int64 const & __cdecl cv::MatStep::operator[](int)const " (??AMatStep@cv@@QEBAAEB_KH@Z) already defined in opencv_world410d.lib(opencv_world410d.dll); second definition ignored
TopDownPeopleDetection.obj : warning LNK4006: "public: __cdecl cv::MatExpr::operator class cv::Mat(void)const " (??BMatExpr@cv@@QEBA?AVMat@1@XZ) already defined in opencv_world410d.lib(opencv_world410d.dll); second definition ignored
TopDownPeopleDetection.obj : warning LNK4006: "public: class cv::Mat __cdecl cv::Mat::operator()(class cv::Rect_<int> const &)const " (??RMat@cv@@QEBA?AV01@AEBV?$Rect_@H@1@@Z) already defined in opencv_world410d.lib(opencv_world410d.dll); second definition ignored
TopDownPeopleDetection.obj : warning LNK4006: "public: class cv::Mat __cdecl cv::Mat::operator()(class cv::Range,class cv::Range)const " (??RMat@cv@@QEBA?AV01@VRange@1@0@Z) already defined in opencv_world410d.lib(opencv_world410d.dll); second definition ignored
TopDownPeopleDetection.obj : warning LNK4006: "public: class cv::Size_<int> __cdecl cv::MatSize::operator()(void)const " (??RMatSize@cv@@QEBA?AV?$Size_@H@1@XZ) already defined in opencv_world410d.lib(opencv_world410d.dll); second definition ignored
TopDownPeopleDetection.obj : warning LNK4006: "public: static class cv::Range __cdecl cv::Range::all(void)" (?all@Range@cv@@SA?AV12@XZ) already defined in opencv_world410d.lib(opencv_world410d.dll); second definition ignored
TopDownPeopleDetection.obj : warning LNK4006: "public: void __cdecl cv::Mat::assignTo(class cv::Mat &,int)const " (?assignTo@Mat@cv@@QEBAXAEAV12@H@Z) already defined in opencv_world410d.lib(opencv_world410d.dll); second definition ignored
TopDownPeopleDetection.obj : warning LNK4006: "public: class cv::Mat __cdecl cv::Mat::clone(void)const " (?clone@Mat@cv@@QEBA?AV12@XZ) already defined in opencv_world410d.lib(opencv_world410d.dll); second definition ignored
TopDownPeopleDetection.obj : warning LNK4006: "public: int __cdecl cv::MatSize::dims(void)const " (?dims@MatSize@cv@@QEBAHXZ) already defined in opencv_world410d.lib(opencv_world410d.dll); second definition ignored
TopDownPeopleDetection.obj : warning LNK4006: "public: bool __cdecl cv::Mat::empty(void)const " (?empty@Mat@cv@@QEBA_NXZ) already defined in opencv_world410d.lib(opencv_world410d.dll); second definition ignored
TopDownPeopleDetection.obj : warning LNK4006: "protected: void __cdecl cv::debug_build_guard::_InputArray::init(int,void const *)" (?init@_InputArray@debug_build_guard@cv@@IEAAXHPEBX@Z) already defined in opencv_world410d.lib(opencv_world410d.dll); second definition ignored
TopDownPeopleDetection.obj : warning LNK4006: "protected: void __cdecl cv::debug_build_guard::_InputArray::init(int,void const *,class cv::Size_<int>)" (?init@_InputArray@debug_build_guard@cv@@IEAAXHPEBXV?$Size_@H@3@@Z) already defined in opencv_world410d.lib(opencv_world410d.dll); second definition ignored
TopDownPeopleDetection.obj : warning LNK4006: "public: void __cdecl cv::Mat::release(void)" (?release@Mat@cv@@QEAAXXZ) already defined in opencv_world410d.lib(opencv_world410d.dll); second definition ignored
TopDownPeopleDetection.obj : warning LNK4006: "public: unsigned __int64 __cdecl cv::Mat::total(void)const " (?total@Mat@cv@@QEBA_KXZ) already defined in opencv_world410d.lib(opencv_world410d.dll); second definition ignored
TopDownPeopleDetection.obj : warning LNK4006: "public: int __cdecl cv::Mat::type(void)const " (?type@Mat@cv@@QEBAHXZ) already defined in opencv_world410d.lib(opencv_world410d.dll); second definition ignored
  TopDownPeopleDetection.vcxproj -> C:\Users\SWARM\Documents\GitHub\Empathy_Swarm\People_Tracking\rsPeopleTracking\rsPeopleTracking\Dependencies\TopDownPeopleDetection\\bin\x64\Debug\TopDownPeopleDetection.lib
